GROUP,PACKAGE,CLASS,INSTRUCTION_MISSED,INSTRUCTION_COVERED,BRANCH_MISSED,BRANCH_COVERED,LINE_MISSED,LINE_COVERED,COMPLEXITY_MISSED,COMPLEXITY_COVERED,METHOD_MISSED,METHOD_COVERED
DeadLinkage,DeadLinkage,Version,26,0,0,0,10,0,2,0,2,0
DeadLinkage,DeadLinkage,HelpMessage,65,0,0,0,23,0,2,0,2,0
DeadLinkage,DeadLinkage,AnsiColors,3,0,0,0,1,0,1,0,1,0
DeadLinkage,DeadLinkage,LinkArgumentParser,16,261,16,24,2,46,14,9,0,3
DeadLinkage,DeadLinkage,JsonReader,111,0,6,0,25,0,5,0,2,0
DeadLinkage,DeadLinkage,LoadIgnoreFile,6,39,1,7,3,7,2,4,1,1
DeadLinkage,DeadLinkage,CheckLink,270,350,32,18,67,31,25,7,4,3
DeadLinkage,DeadLinkage,DeadLinkTest,186,0,34,0,39,0,19,0,2,0
